2020-10-12 01:27:54,015 model_logger    INFO     MainProcess logger configured and started
2020-10-12 01:27:54,026 model_logger    INFO     MainProcess Config file ./config/model_cfg.yaml загружен
2020-10-12 01:27:54,797 model_logger    INFO     MainProcess Приложение запущено в режиме: all 
2020-10-12 01:27:54,798 model_logger    INFO     MainProcess Start reading csv files: 2020-10-12 01:27:54.798204
2020-10-12 01:29:33,111 model_logger    INFO     MainProcess Run time (reading csv files): 0:01:38.312892
2020-10-12 01:29:33,112 model_logger    INFO     MainProcess NO dealing with outliers, missing values and categorical features...
2020-10-12 01:29:33,113 model_logger    INFO     MainProcess Creating dataset...
2020-10-12 01:29:49,482 model_logger    INFO     MainProcess Processing with features: ['pay_amt', 'trans_amt']
2020-10-12 01:29:52,102 model_logger    INFO     MainProcess Run time (calculating features): 0:01:57.304457
2020-10-12 01:30:58,209 model_logger    INFO     MainProcess Processing with features: ['reports_amt']
2020-10-12 01:31:00,949 model_logger    INFO     MainProcess Run time (calculating features): 0:03:06.151003
2020-10-12 01:34:19,181 model_logger    INFO     MainProcess Processing with features: ['sess_with_abusers_amt']
2020-10-12 01:34:24,122 model_logger    INFO     MainProcess Run time (calculating features): 0:06:29.324586
2020-10-12 01:38:20,929 model_logger    INFO     MainProcess Processing with features: ['session_amt', 'disconnect_amt']
2020-10-12 01:38:31,987 model_logger    INFO     MainProcess Run time (calculating features): 0:10:37.188935
2020-10-12 01:42:24,543 model_logger    INFO     MainProcess Processing with features: ['avg_min_ping']
2020-10-12 01:42:29,739 model_logger    INFO     MainProcess Run time (calculating features): 0:14:34.941631
2020-10-12 01:46:10,485 model_logger    INFO     MainProcess Processing with features: ['session_player', 'win_rate', 'kd', 'leavings_rate']
2020-10-12 01:46:29,969 model_logger    INFO     MainProcess Run time (calculating features): 0:18:35.170793
2020-10-12 01:50:27,499 model_logger    INFO     MainProcess Processing with features: ['silver_spent', 'gold_spent']
2020-10-12 01:50:38,096 model_logger    INFO     MainProcess Run time (calculating features): 0:22:43.297873
2020-10-12 01:51:15,014 model_logger    INFO     MainProcess Dataset is successfully built and saved to ./data_1/dataset/dataset_raw_train.csv, run time "build_dataset_raw": 0:23:20.216592
2020-10-12 01:51:17,166 model_logger    INFO     MainProcess Run time "build_dataset_raw": 0:23:22.368391
2020-10-12 01:51:17,167 model_logger    INFO     MainProcess Start reading csv files: 2020-10-12 01:51:17.167094
2020-10-12 01:51:24,963 model_logger    INFO     MainProcess Run time (reading csv files): 0:00:07.796022
2020-10-12 01:51:24,964 model_logger    INFO     MainProcess NO dealing with outliers, missing values and categorical features...
2020-10-12 01:51:24,964 model_logger    INFO     MainProcess Creating dataset...
2020-10-12 01:51:26,404 model_logger    INFO     MainProcess Processing with features: ['pay_amt', 'trans_amt']
2020-10-12 01:51:26,569 model_logger    INFO     MainProcess Run time (calculating features): 0:00:09.402378
2020-10-12 01:51:32,366 model_logger    INFO     MainProcess Processing with features: ['reports_amt']
2020-10-12 01:51:32,529 model_logger    INFO     MainProcess Run time (calculating features): 0:00:15.362779
2020-10-12 01:51:50,525 model_logger    INFO     MainProcess Processing with features: ['sess_with_abusers_amt']
2020-10-12 01:51:50,890 model_logger    INFO     MainProcess Run time (calculating features): 0:00:33.722990
2020-10-12 01:52:12,474 model_logger    INFO     MainProcess Processing with features: ['session_amt', 'disconnect_amt']
2020-10-12 01:52:13,173 model_logger    INFO     MainProcess Run time (calculating features): 0:00:56.006186
2020-10-12 01:52:35,459 model_logger    INFO     MainProcess Processing with features: ['avg_min_ping']
2020-10-12 01:52:35,834 model_logger    INFO     MainProcess Run time (calculating features): 0:01:18.666996
2020-10-12 01:52:56,945 model_logger    INFO     MainProcess Processing with features: ['session_player', 'win_rate', 'kd', 'leavings_rate']
2020-10-12 01:52:58,351 model_logger    INFO     MainProcess Run time (calculating features): 0:01:41.184453
2020-10-12 01:53:20,852 model_logger    INFO     MainProcess Processing with features: ['silver_spent', 'gold_spent']
2020-10-12 01:53:21,567 model_logger    INFO     MainProcess Run time (calculating features): 0:02:04.400196
2020-10-12 01:53:25,272 model_logger    INFO     MainProcess Dataset is successfully built and saved to ./data_1/dataset/dataset_raw_test.csv, run time "build_dataset_raw": 0:02:08.105404
2020-10-12 01:53:25,374 model_logger    INFO     MainProcess Run time "build_dataset_raw": 0:02:08.207300
2020-10-12 01:53:29,355 model_logger    INFO     MainProcess Файл ./data_1/dataset/dataset_raw_train.csv загружен
2020-10-12 01:53:29,691 model_logger    INFO     MainProcess Файл ./data_1/dataset/dataset_raw_test.csv загружен
2020-10-12 01:53:29,692 model_logger    DEBUG    MainProcess Размерность загруженных файлов: (469475, 62), (44764, 61)
2020-10-12 01:53:29,693 model_logger    DEBUG    MainProcess Dealing with missing values, outliers, categorical features...
2020-10-12 01:54:11,964 model_logger    DEBUG    MainProcess Dataset is successfully prepared and saved to ./data_1/dataset/dataset_train.csv, run time (dealing with bad values): 0:00:42.270242
2020-10-12 01:54:11,965 model_logger    DEBUG    MainProcess Dealing with missing values, outliers, categorical features...
2020-10-12 01:54:16,208 model_logger    DEBUG    MainProcess Dataset is successfully prepared and saved to ./data_1/dataset/dataset_test.csv, run time (dealing with bad values): 0:00:04.243158
2020-10-12 01:54:20,876 model_logger    INFO     MainProcess Файл ./data_1/dataset/dataset_train.csv загружен
2020-10-12 01:54:20,990 model_logger    INFO     MainProcess 
Время выполнения load_data_for_train : 4.75 секунды

2020-10-12 01:54:21,426 model_logger    INFO     MainProcess ./data_1/model/model_scaler.pkl
2020-10-12 01:54:21,431 model_logger    INFO     MainProcess Модель успешно сохранена!
2020-10-12 01:54:21,432 model_logger    INFO     MainProcess 
Время выполнения save_model : 0.01 секунды

2020-10-12 01:54:28,551 model_logger    INFO     MainProcess 
Время выполнения scale_balance_train : 7.56 секунды

2020-10-12 01:54:37,244 model_logger    INFO     MainProcess Base: f1 = 0.82 (+/- 0.00)
2020-10-12 01:54:37,245 model_logger    INFO     MainProcess Base: recall = 0.87 (+/- 0.00)
2020-10-12 01:54:37,245 model_logger    INFO     MainProcess Base: precision = 0.77 (+/- 0.01)
2020-10-12 01:54:37,246 model_logger    INFO     MainProcess 
Время выполнения run_cv : 8.69 секунды

2020-10-12 01:56:00,185 model_logger    INFO     MainProcess Final: f1 = 0.91 (+/- 0.00)
2020-10-12 01:56:00,186 model_logger    INFO     MainProcess Final: recall = 0.96 (+/- 0.00)
2020-10-12 01:56:00,186 model_logger    INFO     MainProcess Final: precision = 0.87 (+/- 0.00)
2020-10-12 01:56:00,187 model_logger    INFO     MainProcess 
Время выполнения run_cv : 82.94 секунды

2020-10-12 01:56:41,731 model_logger    INFO     MainProcess 
Время выполнения train_model : 133.18 секунды

2020-10-12 01:56:41,732 model_logger    INFO     MainProcess ./data_1/model/xgb_model.pkl
2020-10-12 01:56:41,888 model_logger    INFO     MainProcess Модель успешно сохранена!
2020-10-12 01:56:41,889 model_logger    INFO     MainProcess 
Время выполнения save_model : 0.16 секунды

2020-10-12 01:56:42,341 model_logger    INFO     MainProcess Файл ./data_1/dataset/dataset_test.csv загружен
2020-10-12 01:56:42,357 model_logger    INFO     MainProcess Модель ./data_1/model/model_scaler.pkl загружена
2020-10-12 01:56:42,435 model_logger    INFO     MainProcess Модель ./data_1/model/xgb_model.pkl загружена
2020-10-12 01:56:42,436 model_logger    DEBUG    MainProcess predict модель: <class 'sklearn.pipeline.Pipeline'>
2020-10-12 01:56:42,859 model_logger    DEBUG    MainProcess результат predict_proba = (44764, 2)
2020-10-12 01:56:43,174 model_logger    INFO     MainProcess Результат работы модели (44764, 2) записан в: H:\_PROJECTS_\DS_kitchen\bis_projects\Churn_in_game\result\prediction_result.csv
2020-10-12 01:56:43,179 model_logger    INFO     MainProcess Приложение успешно завершено в режиме: all 
